0 info it worked if it ends with ok
1 verbose cli [ 'node', '/usr/local/bin/npm', 'publish', '.' ]
2 info using npm@2.5.1
3 info using node@v0.12.0
4 verbose node symlink /usr/local/bin/node
5 verbose publish [ '.' ]
6 silly cache add args [ '.', null ]
7 verbose cache add spec .
8 silly cache add parsed spec { raw: '.',
8 silly cache add   scope: null,
8 silly cache add   name: null,
8 silly cache add   rawSpec: '.',
8 silly cache add   spec: '/Users/ryanlepinski/git/phonegap-ua-push',
8 silly cache add   type: 'directory' }
9 verbose addLocalDirectory /Users/ryanlepinski/.npm/urbanairship-cordova/3.1.0/package.tgz not in flight; packing
10 verbose tar pack [ '/Users/ryanlepinski/.npm/urbanairship-cordova/3.1.0/package.tgz',
10 verbose tar pack   '/Users/ryanlepinski/git/phonegap-ua-push' ]
11 verbose tarball /Users/ryanlepinski/.npm/urbanairship-cordova/3.1.0/package.tgz
12 verbose folder /Users/ryanlepinski/git/phonegap-ua-push
13 info prepublish urbanairship-cordova@3.1.0
14 verbose addLocalTarball adding from inside cache /Users/ryanlepinski/.npm/urbanairship-cordova/3.1.0/package.tgz
15 silly cache afterAdd urbanairship-cordova@3.1.0
16 verbose afterAdd /Users/ryanlepinski/.npm/urbanairship-cordova/3.1.0/package/package.json not in flight; writing
17 verbose afterAdd /Users/ryanlepinski/.npm/urbanairship-cordova/3.1.0/package/package.json written
18 silly publish { name: 'urbanairship-cordova',
18 silly publish   version: '3.1.0',
18 silly publish   description: 'Urban Airship Cordova plugin',
18 silly publish   cordova: { id: 'urbanairship-cordova', platforms: [ 'android', 'ios' ] },
18 silly publish   repository:
18 silly publish    { type: 'git',
18 silly publish      url: 'git+https://github.com/urbanairship/phonegap-ua-push.git' },
18 silly publish   keywords:
18 silly publish    [ 'cordova',
18 silly publish      'urbanairship',
18 silly publish      'ecosystem:cordova',
18 silly publish      'cordova-android',
18 silly publish      'cordova-ios' ],
18 silly publish   engines:
18 silly publish    [ { name: 'cordova', version: '>=3.4.0' },
18 silly publish      { name: 'cordova-android', version: '>=4' },
18 silly publish      { name: 'cordova-plugman', version: '>=4.2.0' } ],
18 silly publish   author: { name: 'Urban Airship' },
18 silly publish   license: 'Apache 2.0',
18 silly publish   bugs: { email: 'support@urbanairship.com' },
18 silly publish   homepage: 'https://github.com/urbanairship/phonegap-ua-push#readme',
18 silly publish   readme: '# Urban Airship PhoneGap/Cordova Plugin\n\nThis plugin supports PhoneGap/Cordova apps running on both iOS and Android. Full documentation is\navailable [here](http://docs.urbanairship.com/platform/phonegap.html).\n\nRequirements:\n - Cordova 3.4.0+\n - [GCM Setup](http://docs.urbanairship.com/platform/android.html#gcm-setup) or [APNS Setup](http://docs.urbanairship.com/platform/ios.html#apple-setup)\n\n## Contributing Code\n\nWe accept pull requests! If you would like to submit a pull request, please fill out and submit a\n[Code Contribution Agreement](http://urbanairship.com/legal/contribution-agreement/).\n\n## Issues\n\nPlease contact support@urbanairship.com for any issues integrating or using this plugin.\n\n## Migration\n\nA migration guide for newer releases of the plugin can be found [here](MIGRATION.md).\n\n### Installation\n\n1. Install this plugin using PhoneGap/Cordova CLI:\n\n        cordova plugin add urbanairship-cordova\n\n2. Modify the config.xml file to contain (replacing with your configuration settings):\n\n        <!-- Urban Airship app credentials -->\n        <preference name="com.urbanairship.production_app_key" value="Your Production App Key" />\n        <preference name="com.urbanairship.production_app_secret" value="Your Production App Secret" />\n        <preference name="com.urbanairship.development_app_key" value="Your Development App Key" />\n        <preference name="com.urbanairship.development_app_secret" value="Your Development App Secret" />\n\n        <!-- Required for Android. -->\n        <preference name="com.urbanairship.gcm_sender" value="Your GCM Sender ID" />\n\n        <!-- If the app is in production or not -->\n        <preference name="com.urbanairship.in_production" value="true | false" />\n\n        <!-- Optional config values -->\n\n        <!-- Enable push when the application launches -->\n        <preference name="com.urbanairship.enable_push_onlaunch" value="true | false" />\n\n        <!-- Override the Android notification icon -->\n        <preference name="com.urbanairship.notification_icon" value="ic_notification" />\n\n        <!-- Specify the notification accent color for Android API 21+ (Lollipop) -->\n        <preference name="com.urbanairship.notification_accent_color" value="#0000ff" />\n\n        <!-- Clear the iOS badge on launch -->\n        <preference name="com.urbanairship.clear_badge_onlaunch" value="true | false" />\n\n\n3. If your app supports Android API < 14, then you have to manually instrument any Android Activities to have proper analytics.\nSee [Instrumenting Android Analytics](http://docs.urbanairship.com/build/android_features.html#setting-up-analytics-minor-assembly-required).\n\n### Basic Example\n    \n    // Register for any Urban Airship events\n    document.addEventListener("urbanairship.registration", function (event) {\n        if (event.error) {\n            console.log(\'There was an error registering for push notifications\')\n        } else {\n            console.log("Registered with ID: " + event.channelID)\n        } \n    })\n\n    document.addEventListener("urbanairship.push", function (event) {\n        console.log("Incoming push: " + event.message)\n    })\n\n    // Set tags on a device, that you can push to\n    UAirship.setTags(["loves_cats", "shops_for_games"], function () {\n        UAirship.getTags(function (tags) {\n            tags.forEach(function (tag) {\n                console.log("Tag: " + tag)\n            })\n        })\n    })\n\n    // Set an alias, this lets you tie a device to a user in your system\n    UAirship.setAlias("awesomeuser22", function () {\n        UAirship.getAlias(function (alias) {\n            console.log("The user formerly known as " + alias)\n        })\n    })\n\n    // Enable user notifications (will prompt the user to accept push notifications)\n    UAirship.setUserNotificationsEnabled(true, function (enabled) {\n        console.log("User notifications are enabled! Fire away!")\n    })\n\n## Sample\n\nA sample can be found in Example. To run it, copy the files:\n- Example/index.html to www/index.html\n- Example/css/* to www/css\n- Example/js/* to www/js\n\nAdd the device plugin: `cordova plugin add org.apache.cordova.device`\n\n\n',
18 silly publish   readmeFilename: 'README.md',
18 silly publish   gitHead: '34e91b410ac8a65f3fbbd137f8a6d250cadc3516',
18 silly publish   _id: 'urbanairship-cordova@3.1.0',
18 silly publish   scripts: {},
18 silly publish   _shasum: '67e6c47a3b1cba6eaaf6b99991ab3524026b3146',
18 silly publish   _from: '.' }
19 silly mapToRegistry name urbanairship-cordova
20 silly mapToRegistry using default registry
21 silly mapToRegistry registry https://registry.npmjs.org/
22 silly mapToRegistry uri https://registry.npmjs.org/urbanairship-cordova
23 verbose publish registryBase https://registry.npmjs.org/
24 silly publish uploading /Users/ryanlepinski/.npm/urbanairship-cordova/3.1.0/package.tgz
25 verbose request uri https://registry.npmjs.org/urbanairship-cordova
26 verbose request sending authorization for write operation
27 info attempt registry request try #1 at 15:00:48
28 verbose request using bearer token for auth
29 verbose request id 4d6f229c07ee3124
30 http request PUT https://registry.npmjs.org/urbanairship-cordova
31 http 403 https://registry.npmjs.org/urbanairship-cordova
32 verbose headers { date: 'Wed, 22 Apr 2015 22:00:59 GMT',
32 verbose headers   server: 'Apache',
32 verbose headers   'content-type': 'application/json',
32 verbose headers   'cache-control': 'max-age=60',
32 verbose headers   'content-length': '128',
32 verbose headers   'accept-ranges': 'bytes',
32 verbose headers   via: '1.1 varnish',
32 verbose headers   'x-served-by': 'cache-iad2139-IAD',
32 verbose headers   'x-cache': 'MISS',
32 verbose headers   'x-cache-hits': '0',
32 verbose headers   'x-timer': 'S1429740049.437130,VS0,VE10042',
32 verbose headers   'keep-alive': 'timeout=10, max=50',
32 verbose headers   connection: 'Keep-Alive' }
33 verbose request invalidating /Users/ryanlepinski/.npm/registry.npmjs.org/urbanairship-cordova on PUT
34 error publish Failed PUT 403
35 verbose stack Error: "You cannot publish over the previously published version 3.1.0. Try bumping the version to 4.0.0" : urbanairship-cordova
35 verbose stack     at CachingRegistryClient.<anonymous> (/usr/local/lib/node_modules/npm/node_modules/npm-registry-client/lib/request.js:254:14)
35 verbose stack     at Request._callback (/usr/local/lib/node_modules/npm/node_modules/npm-registry-client/lib/request.js:178:14)
35 verbose stack     at Request.self.callback (/usr/local/lib/node_modules/npm/node_modules/request/request.js:344:22)
35 verbose stack     at Request.emit (events.js:110:17)
35 verbose stack     at Request.<anonymous> (/usr/local/lib/node_modules/npm/node_modules/request/request.js:1239:14)
35 verbose stack     at Request.emit (events.js:129:20)
35 verbose stack     at IncomingMessage.<anonymous> (/usr/local/lib/node_modules/npm/node_modules/request/request.js:1187:12)
35 verbose stack     at IncomingMessage.emit (events.js:129:20)
35 verbose stack     at _stream_readable.js:908:16
35 verbose stack     at process._tickCallback (node.js:355:11)
36 verbose statusCode 403
37 verbose pkgid urbanairship-cordova
38 verbose cwd /Users/ryanlepinski/git/phonegap-ua-push
39 error Darwin 14.1.0
40 error argv "node" "/usr/local/bin/npm" "publish" "."
41 error node v0.12.0
42 error npm  v2.5.1
43 error code E403
44 error "You cannot publish over the previously published version 3.1.0. Try bumping the version to 4.0.0" : urbanairship-cordova
45 error If you need help, you may report this error at:
45 error     <http://github.com/npm/npm/issues>
46 verbose exit [ 1, true ]
